<?xml version="1.0" encoding="UTF-8"?>
<testng-results skipped="0" failed="1" ignored="0" total="3" passed="2">
  <reporter-output>
    <line>
      <![CDATA[Title is not matching]]>
    </line>
    <line>
      <![CDATA[WebElement is present]]>
    </line>
    <line>
      <![CDATA[WebElement is present]]>
    </line>
  </reporter-output>
  <suite name="Default suite" duration-ms="71392" started-at="2018-08-19T10:58:39Z" finished-at="2018-08-19T10:59:50Z">
    <groups>
    </groups>
    <test name="Default test" duration-ms="71392" started-at="2018-08-19T10:58:39Z" finished-at="2018-08-19T10:59:50Z">
      <class name="ActiTimeTest.TestLogin">
        <test-method status="PASS" signature="launchBrowser()[pri:0, instance:ActiTimeTest.TestLogin@77caeb3e]" name="launchBrowser" is-config="true" duration-ms="4758" started-at="2018-08-19T10:58:39Z" finished-at="2018-08-19T10:58:44Z">
          <reporter-output>
          </reporter-output>
        </test-method> <!-- launchBrowser -->
        <test-method status="FAIL" signature="testValidCredentials()[pri:1, instance:ActiTimeTest.TestLogin@77caeb3e]" name="testValidCredentials" duration-ms="34004" started-at="2018-08-19T10:58:44Z" finished-at="2018-08-19T10:59:18Z">
          <exception class="java.lang.AssertionError">
            <message>
              <![CDATA[expected [actiTIME - Enter Time-Track] but found [actiTIME - Login]]]>
            </message>
            <full-stacktrace>
              <![CDATA[java.lang.AssertionError: expected [actiTIME - Enter Time-Track] but found [actiTIME - Login]
at org.testng.Assert.fail(Assert.java:96)
at org.testng.Assert.failNotEquals(Assert.java:776)
at org.testng.Assert.assertEqualsImpl(Assert.java:137)
at org.testng.Assert.assertEquals(Assert.java:118)
at org.testng.Assert.assertEquals(Assert.java:453)
at org.testng.Assert.assertEquals(Assert.java:463)
at ActiTimeTest.TestLogin.testValidCredentials(TestLogin.java:21)
at sun.reflect.NativeMethodAccessorImpl.invoke0(Native Method)
at sun.reflect.NativeMethodAccessorImpl.invoke(NativeMethodAccessorImpl.java:62)
at sun.reflect.DelegatingMethodAccessorImpl.invoke(DelegatingMethodAccessorImpl.java:43)
at java.lang.reflect.Method.invoke(Method.java:497)
at org.testng.internal.MethodInvocationHelper.invokeMethod(MethodInvocationHelper.java:124)
at org.testng.internal.Invoker.invokeMethod(Invoker.java:580)
at org.testng.internal.Invoker.invokeTestMethod(Invoker.java:716)
at org.testng.internal.Invoker.invokeTestMethods(Invoker.java:988)
at org.testng.internal.TestMethodWorker.invokeTestMethods(TestMethodWorker.java:125)
at org.testng.internal.TestMethodWorker.run(TestMethodWorker.java:109)
at org.testng.TestRunner.privateRun(TestRunner.java:648)
at org.testng.TestRunner.run(TestRunner.java:505)
at org.testng.SuiteRunner.runTest(SuiteRunner.java:455)
at org.testng.SuiteRunner.runSequentially(SuiteRunner.java:450)
at org.testng.SuiteRunner.privateRun(SuiteRunner.java:415)
at org.testng.SuiteRunner.run(SuiteRunner.java:364)
at org.testng.SuiteRunnerWorker.runSuite(SuiteRunnerWorker.java:52)
at org.testng.SuiteRunnerWorker.run(SuiteRunnerWorker.java:84)
at org.testng.TestNG.runSuitesSequentially(TestNG.java:1208)
at org.testng.TestNG.runSuitesLocally(TestNG.java:1137)
at org.testng.TestNG.runSuites(TestNG.java:1049)
at org.testng.TestNG.run(TestNG.java:1017)
at org.testng.remote.AbstractRemoteTestNG.run(AbstractRemoteTestNG.java:114)
at org.testng.remote.RemoteTestNG.initAndRun(RemoteTestNG.java:251)
at org.testng.remote.RemoteTestNG.main(RemoteTestNG.java:77)
]]>
            </full-stacktrace>
          </exception> <!-- java.lang.AssertionError -->
          <reporter-output>
            <line>
              <![CDATA[Title is not matching]]>
            </line>
          </reporter-output>
        </test-method> <!-- testValidCredentials -->
        <test-method status="PASS" signature="closeBrowser()[pri:0, instance:ActiTimeTest.TestLogin@77caeb3e]" name="closeBrowser" is-config="true" duration-ms="1286" started-at="2018-08-19T10:59:18Z" finished-at="2018-08-19T10:59:19Z">
          <reporter-output>
          </reporter-output>
        </test-method> <!-- closeBrowser -->
        <test-method status="PASS" signature="launchBrowser()[pri:0, instance:ActiTimeTest.TestLogin@77caeb3e]" name="launchBrowser" is-config="true" duration-ms="3476" started-at="2018-08-19T10:59:19Z" finished-at="2018-08-19T10:59:22Z">
          <reporter-output>
          </reporter-output>
        </test-method> <!-- launchBrowser -->
        <test-method status="PASS" signature="testInvalidUn()[pri:2, instance:ActiTimeTest.TestLogin@77caeb3e]" name="testInvalidUn" duration-ms="9815" started-at="2018-08-19T10:59:22Z" finished-at="2018-08-19T10:59:32Z">
          <reporter-output>
            <line>
              <![CDATA[WebElement is present]]>
            </line>
          </reporter-output>
        </test-method> <!-- testInvalidUn -->
        <test-method status="PASS" signature="closeBrowser()[pri:0, instance:ActiTimeTest.TestLogin@77caeb3e]" name="closeBrowser" is-config="true" duration-ms="1343" started-at="2018-08-19T10:59:32Z" finished-at="2018-08-19T10:59:34Z">
          <reporter-output>
          </reporter-output>
        </test-method> <!-- closeBrowser -->
        <test-method status="PASS" signature="launchBrowser()[pri:0, instance:ActiTimeTest.TestLogin@77caeb3e]" name="launchBrowser" is-config="true" duration-ms="4370" started-at="2018-08-19T10:59:34Z" finished-at="2018-08-19T10:59:38Z">
          <reporter-output>
          </reporter-output>
        </test-method> <!-- launchBrowser -->
        <test-method status="PASS" signature="testInvalidPw()[pri:3, instance:ActiTimeTest.TestLogin@77caeb3e]" name="testInvalidPw" duration-ms="10809" started-at="2018-08-19T10:59:38Z" finished-at="2018-08-19T10:59:49Z">
          <reporter-output>
            <line>
              <![CDATA[WebElement is present]]>
            </line>
          </reporter-output>
        </test-method> <!-- testInvalidPw -->
        <test-method status="PASS" signature="closeBrowser()[pri:0, instance:ActiTimeTest.TestLogin@77caeb3e]" name="closeBrowser" is-config="true" duration-ms="1470" started-at="2018-08-19T10:59:49Z" finished-at="2018-08-19T10:59:50Z">
          <reporter-output>
          </reporter-output>
        </test-method> <!-- closeBrowser -->
      </class> <!-- ActiTimeTest.TestLogin -->
    </test> <!-- Default test -->
  </suite> <!-- Default suite -->
</testng-results>
